# Evoluation started on 2015/01/27 18:20:03
# Generation	   Best 	   Average 	   Worst
	  0		   0.216	  -0.674	  -1.268
	  1		   0.255	  -0.131	  -1.248
	  2		   0.223	  -0.087	  -1.260
	  3		   0.222	  -0.007	  -1.264
	  4		   0.158	  -0.175	  -1.254
	  5		   0.180	  -0.177	  -1.281
	  6		   0.250	  -0.112	  -1.267
	  7		   0.135	  -0.169	  -1.282
	  8		   0.138	  -0.130	  -1.273
	  9		   0.260	  -0.041	  -1.256
	 10		   0.253	  -0.053	  -1.255
	 11		   0.276	  -0.034	  -1.238
	 12		   0.185	  -0.176	  -1.288
	 13		   0.269	  -0.121	  -1.225
	 14		   0.200	  -0.178	  -1.257
	 15		   0.093	  -0.097	  -1.262
	 16		   0.289	  -0.134	  -1.230
	 17		   0.178	  -0.177	  -1.277
	 18		   0.096	  -0.142	  -1.293
	 19		   0.153	  -0.172	  -1.264
	 20		   0.273	  -0.199	  -1.263
	 21		   0.270	  -0.138	  -1.250
	 22		   0.175	  -0.140	  -1.287
	 23		   0.409	  -0.052	  -1.230
	 24		   0.173	  -0.132	  -1.279
	 25		   0.291	  -0.195	  -1.255
	 26		   0.378	  -0.126	  -1.241
	 27		   0.269	  -0.167	  -1.260
	 28		   0.253	  -0.129	  -1.275
	 29		   0.331	  -0.143	  -1.262
	 30		   0.363	  -0.250	  -1.265
	 31		   0.303	  -0.132	  -1.285
	 32		   0.307	  -0.174	  -1.260
	 33		   0.335	  -0.092	  -1.260
	 34		   0.373	  -0.151	  -1.245
	 35		   0.390	  -0.174	  -1.274
	 36		   0.425	  -0.144	  -1.267
	 37		   0.455	  -0.095	  -1.253
	 38		   0.531	  -0.134	  -1.243
	 39		   0.284	  -0.165	  -1.288
	 40		   0.395	  -0.156	  -1.265
	 41		   0.456	  -0.154	  -1.279
	 42		   0.395	  -0.132	  -1.269
	 43		   0.394	  -0.099	  -1.244
	 44		   0.429	  -0.104	  -1.257
	 45		   0.351	  -0.144	  -1.278
	 46		   0.294	  -0.146	  -1.264
	 47		   0.467	  -0.065	  -1.216
	 48		   0.457	  -0.162	  -1.285
	 49		   0.453	  -0.155	  -1.265
	 50		   0.402	  -0.213	  -1.266
	 51		   0.396	  -0.100	  -1.268
	 52		   0.550	  -0.068	  -1.277
	 53		   0.474	  -0.104	  -1.261
	 54		   0.475	  -0.100	  -1.258
	 55		   0.494	  -0.095	  -1.246
	 56		   0.536	  -0.118	  -1.258
	 57		   0.547	  -0.005	  -1.237
	 58		   0.464	  -0.197	  -1.288
	 59		   0.461	  -0.130	  -1.277
	 60		   0.484	  -0.135	  -1.277
	 61		   0.525	  -0.072	  -1.251
	 62		   0.563	  -0.087	  -1.278
	 63		   0.559	  -0.095	  -1.276
	 64		   0.568	  -0.136	  -1.278
	 65		   0.614	  -0.060	  -1.275
	 66		   0.558	  -0.009	  -1.264
	 67		   0.530	  -0.131	  -1.272
	 68		   0.457	  -0.100	  -1.314
	 69		   0.568	  -0.068	  -1.272
	 70		   0.419	  -0.065	  -1.271
	 71		   0.551	  -0.163	  -1.255
	 72		   0.567	  -0.015	  -1.242
	 73		   0.415	  -0.092	  -1.272
	 74		   0.575	   0.009	  -1.265
	 75		   0.559	  -0.082	  -1.284
	 76		   0.488	  -0.068	  -1.250
	 77		   0.560	  -0.077	  -1.258
	 78		   0.500	  -0.071	  -1.259
	 79		   0.530	  -0.042	  -1.266
	 80		   0.535	  -0.155	  -1.265
	 81		   0.532	  -0.125	  -1.265
	 82		   0.556	  -0.128	  -1.245
	 83		   0.513	  -0.030	  -1.276
	 84		   0.565	  -0.030	  -1.287
	 85		   0.627	  -0.046	  -1.259
	 86		   0.534	  -0.065	  -1.284
	 87		   0.527	  -0.154	  -1.274
	 88		   0.488	  -0.141	  -1.265
	 89		   0.556	  -0.076	  -1.289
	 90		   0.464	  -0.139	  -1.281
	 91		   0.606	  -0.090	  -1.268
	 92		   0.577	  -0.080	  -1.285
	 93		   0.590	  -0.084	  -1.283
	 94		   0.591	   0.001	  -1.271
	 95		   0.661	  -0.090	  -1.261
	 96		   0.631	  -0.060	  -1.271
	 97		   0.634	  -0.071	  -1.265
	 98		   0.542	  -0.004	  -1.281
	 99		   0.706	  -0.031	  -1.265
	100		   0.652	  -0.021	  -1.301
	101		   0.695	   0.019	  -1.260
	102		   0.700	  -0.015	  -1.240
	103		   0.638	  -0.137	  -1.273
	104		   0.661	  -0.155	  -1.310
	105		   0.591	  -0.033	  -1.288
	106		   0.738	   0.007	  -1.260
	107		   0.634	  -0.027	  -1.276
	108		   0.661	  -0.043	  -1.247
	109		   0.632	  -0.101	  -1.281
	110		   0.761	  -0.008	  -1.266
	111		   0.719	  -0.064	  -1.247
	112		   0.638	  -0.087	  -1.292
	113		   0.678	  -0.038	  -1.285
	114		   0.667	  -0.052	  -1.249
	115		   0.665	  -0.007	  -1.281
	116		   0.713	  -0.065	  -1.249
	117		   0.650	  -0.001	  -1.249
	118		   0.648	  -0.070	  -1.249
	119		   0.690	   0.011	  -1.269
	120		   0.671	   0.043	  -1.254
	121		   0.640	  -0.055	  -1.287
	122		   0.701	   0.010	  -1.245
	123		   0.628	  -0.051	  -1.301
	124		   0.690	   0.011	  -1.274
	125		   0.679	   0.012	  -1.272
	126		   0.684	   0.049	  -1.290
	127		   0.699	  -0.088	  -1.257
	128		   0.711	   0.068	  -1.212
	129		   0.663	   0.012	  -1.247
	130		   0.697	   0.016	  -1.276
	131		   0.726	  -0.036	  -1.253
	132		   0.661	   0.003	  -1.245
	133		   0.633	  -0.016	  -1.269
	134		   0.685	  -0.065	  -1.288
	135		   0.638	  -0.115	  -1.271
	136		   0.677	  -0.091	  -1.271
	137		   0.651	  -0.030	  -1.259
	138		   0.686	  -0.040	  -1.252
	139		   0.682	   0.002	  -1.275
	140		   0.713	   0.050	  -1.251
	141		   0.730	  -0.045	  -1.260
	142		   0.694	   0.041	  -1.266
	143		   0.632	  -0.115	  -1.282
	144		   0.624	  -0.089	  -1.275
	145		   0.734	   0.084	  -1.271
	146		   0.643	  -0.075	  -1.296
	147		   0.727	  -0.028	  -1.257
	148		   0.646	  -0.075	  -1.264
	149		   0.696	  -0.029	  -1.256
	150		   0.694	   0.014	  -1.265
	151		   0.727	  -0.039	  -1.253
	152		   0.688	  -0.022	  -1.272
	153		   0.752	  -0.014	  -1.281
	154		   0.672	  -0.111	  -1.246
	155		   0.702	  -0.070	  -1.250
	156		   0.649	  -0.046	  -1.282
	157		   0.685	  -0.084	  -1.298
	158		   0.686	  -0.065	  -1.286
	159		   0.744	   0.011	  -1.284
	160		   0.719	  -0.019	  -1.287
	161		   0.690	  -0.063	  -1.273
	162		   0.721	   0.043	  -1.240
	163		   0.742	   0.025	  -1.253
	164		   0.702	  -0.049	  -1.284
	165		   0.746	  -0.057	  -1.265
	166		   0.690	  -0.040	  -1.242
	167		   0.743	   0.014	  -1.285
	168		   0.700	  -0.044	  -1.273
	169		   0.730	  -0.031	  -1.243
	170		   0.674	  -0.016	  -1.240
	171		   0.738	  -0.041	  -1.267
	172		   0.681	  -0.058	  -1.279
	173		   0.678	   0.005	  -1.284
	174		   0.746	  -0.032	  -1.273
	175		   0.696	  -0.048	  -1.281
	176		   0.697	  -0.023	  -1.265
	177		   0.721	  -0.038	  -1.245
	178		   0.691	  -0.062	  -1.235
	179		   0.733	  -0.009	  -1.248
	180		   0.692	  -0.014	  -1.285
	181		   0.703	  -0.023	  -1.241
	182		   0.757	  -0.037	  -1.267
	183		   0.733	  -0.055	  -1.271
	184		   0.738	  -0.080	  -1.250
	185		   0.648	  -0.026	  -1.257
	186		   0.756	   0.008	  -1.258
	187		   0.693	  -0.032	  -1.267
	188		   0.688	   0.019	  -1.261
	189		   0.697	  -0.033	  -1.262
	190		   0.745	  -0.057	  -1.268
	191		   0.676	   0.014	  -1.283
	192		   0.699	   0.033	  -1.133
	193		   0.656	  -0.113	  -1.264
	194		   0.722	  -0.038	  -1.280
	195		   0.733	  -0.011	  -1.237
	196		   0.681	   0.023	  -1.287
	197		   0.698	  -0.027	  -1.270
	198		   0.655	  -0.103	  -1.265
	199		   0.696	  -0.005	  -1.237
	200		   0.754	  -0.002	  -1.243
	201		   0.730	   0.010	  -1.263
	202		   0.736	   0.008	  -1.243
	203		   0.725	  -0.059	  -1.260
	204		   0.720	  -0.086	  -1.254
	205		   0.712	   0.038	  -1.269
	206		   0.704	  -0.035	  -1.253
	207		   0.693	  -0.042	  -1.277
	208		   0.737	   0.005	  -1.264
	209		   0.736	  -0.058	  -1.262
	210		   0.681	  -0.003	  -1.296
	211		   0.738	  -0.045	  -1.247
	212		   0.737	   0.022	  -1.251
	213		   0.785	   0.022	  -1.250
	214		   0.733	  -0.056	  -1.255
	215		   0.699	   0.066	  -1.253
	216		   0.682	   0.057	  -1.285
	217		   0.718	  -0.090	  -1.270
	218		   0.686	  -0.125	  -1.316
	219		   0.747	   0.005	  -1.249
	220		   0.759	   0.007	  -1.261
	221		   0.756	  -0.007	  -1.235
	222		   0.751	  -0.007	  -1.281
	223		   0.793	   0.005	  -1.246
	224		   0.718	  -0.019	  -1.277
	225		   0.664	  -0.053	  -1.275
	226		   0.723	  -0.001	  -1.265
	227		   0.743	   0.084	  -1.279
	228		   0.721	   0.004	  -1.257
	229		   0.704	  -0.026	  -1.289
	230		   0.735	  -0.041	  -1.282
	231		   0.720	  -0.030	  -1.288
	232		   0.754	   0.008	  -1.246
	233		   0.726	  -0.003	  -1.257
	234		   0.744	   0.013	  -1.254
	235		   0.738	   0.060	  -1.259
	236		   0.714	  -0.065	  -1.273
	237		   0.705	   0.006	  -1.244
	238		   0.702	   0.037	  -1.265
	239		   0.749	   0.008	  -1.240
	240		   0.687	   0.039	  -1.269
	241		   0.770	  -0.006	  -1.234
	242		   0.681	  -0.054	  -1.272
	243		   0.714	  -0.073	  -1.262
	244		   0.757	   0.012	  -1.260
	245		   0.763	  -0.027	  -1.261
	246		   0.693	  -0.026	  -1.251
	247		   0.723	  -0.076	  -1.261
	248		   0.758	   0.043	  -1.269
	249		   0.739	   0.051	  -1.287
	250		   0.729	   0.011	  -1.228
	251		   0.728	  -0.066	  -1.266
	252		   0.757	   0.043	  -1.261
	253		   0.715	  -0.002	  -1.267
	254		   0.713	   0.021	  -1.251
	255		   0.729	  -0.050	  -1.268
	256		   0.712	  -0.036	  -1.281
	257		   0.715	   0.023	  -1.264
	258		   0.700	  -0.030	  -1.248
	259		   0.762	  -0.053	  -1.260
	260		   0.698	  -0.032	  -1.281
	261		   0.727	  -0.112	  -1.262
	262		   0.724	   0.017	  -1.264
	263		   0.744	   0.041	  -1.242
	264		   0.726	  -0.041	  -1.274
	265		   0.802	   0.001	  -1.231
	266		   0.796	  -0.010	  -1.263
	267		   0.727	   0.038	  -1.263
	268		   0.713	  -0.021	  -1.279
	269		   0.703	  -0.061	  -1.276
	270		   0.745	   0.009	  -1.258
	271		   0.734	  -0.006	  -1.275
	272		   0.739	  -0.021	  -1.265
	273		   0.704	  -0.002	  -1.274
	274		   0.735	  -0.058	  -1.287
	275		   0.727	  -0.002	  -1.262
	276		   0.810	  -0.004	  -1.258
	277		   0.685	   0.049	  -1.280
	278		   0.697	  -0.040	  -1.306
	279		   0.748	  -0.013	  -1.268
	280		   0.776	  -0.002	  -1.237
	281		   0.712	  -0.023	  -1.255
	282		   0.754	   0.020	  -1.241
	283		   0.765	  -0.034	  -1.262
	284		   0.766	   0.025	  -1.251
	285		   0.719	  -0.064	  -1.266
	286		   0.738	  -0.082	  -1.255
	287		   0.723	  -0.008	  -1.251
	288		   0.754	   0.019	  -1.280
	289		   0.718	   0.016	  -1.269
	290		   0.743	  -0.042	  -1.288
	291		   0.768	  -0.023	  -1.257
	292		   0.722	   0.090	  -1.245
	293		   0.735	  -0.040	  -1.256
	294		   0.703	   0.016	  -1.288
	295		   0.741	   0.035	  -1.257
	296		   0.732	  -0.019	  -1.274
	297		   0.754	  -0.047	  -1.279
	298		   0.750	   0.050	  -1.258
	299		   0.770	   0.004	  -1.243
